Mon Jul 01 08:36:36 2019  
Mon Jul 01 08:36:36 2019  
Mon Jul 01 08:36:36 2019  Msieve v. 1.53 (SVN 1005)
Mon Jul 01 08:36:36 2019  random seeds: e058c3d4 f5875cb6
Mon Jul 01 08:36:36 2019  factoring 986362115094514328101757822572125412581807555831635040633334394940780290552910648956504716564717813091475731441186446531020992250063672998688043850761806497579752239978686374649672291776616284914763 (198 digits)
Mon Jul 01 08:36:37 2019  searching for 15-digit factors
Mon Jul 01 08:36:37 2019  commencing number field sieve (198-digit input)
Mon Jul 01 08:36:37 2019  R0: 2664614402968145889298907040800468401
Mon Jul 01 08:36:37 2019  R1: -1
Mon Jul 01 08:36:37 2019  A0: -4391
Mon Jul 01 08:36:37 2019  A1: 0
Mon Jul 01 08:36:37 2019  A2: 0
Mon Jul 01 08:36:37 2019  A3: 0
Mon Jul 01 08:36:37 2019  A4: 0
Mon Jul 01 08:36:37 2019  A5: 0
Mon Jul 01 08:36:37 2019  A6: 1
Mon Jul 01 08:36:37 2019  skew 4.05, size 3.881e-011, alpha 1.716, combined = 1.719e-012 rroots = 2
Mon Jul 01 08:36:37 2019  
Mon Jul 01 08:36:37 2019  commencing relation filtering
Mon Jul 01 08:36:37 2019  setting target matrix density to 130.0
Mon Jul 01 08:36:37 2019  estimated available RAM is 16116.3 MB
Mon Jul 01 08:36:37 2019  commencing duplicate removal, pass 1
<239 errors omitted>
Mon Jul 01 08:43:06 2019  skipped 145 relations with composite factors
Mon Jul 01 08:43:06 2019  found 13194370 hash collisions in 61774950 relations
Mon Jul 01 08:43:18 2019  added 1218792 free relations
Mon Jul 01 08:43:18 2019  commencing duplicate removal, pass 2
Mon Jul 01 08:43:44 2019  found 13345066 duplicates and 49648676 unique relations
Mon Jul 01 08:43:44 2019  memory use: 330.4 MB
Mon Jul 01 08:43:44 2019  reading ideals above 720000
Mon Jul 01 08:43:44 2019  commencing singleton removal, initial pass
Mon Jul 01 08:48:34 2019  memory use: 1378.0 MB
Mon Jul 01 08:48:34 2019  reading all ideals from disk
Mon Jul 01 08:48:35 2019  memory use: 1816.7 MB
Mon Jul 01 08:48:38 2019  keeping 47991382 ideals with weight <= 200, target excess is 256595
Mon Jul 01 08:48:41 2019  commencing in-memory singleton removal
Mon Jul 01 08:48:44 2019  begin with 49648676 relations and 47991382 unique ideals
Mon Jul 01 08:49:11 2019  reduce to 32389196 relations and 29033453 ideals in 14 passes
Mon Jul 01 08:49:11 2019  max relations containing the same ideal: 162
Mon Jul 01 08:49:21 2019  removing 2654947 relations and 2254947 ideals in 400000 cliques
Mon Jul 01 08:49:21 2019  commencing in-memory singleton removal
Mon Jul 01 08:49:23 2019  begin with 29734249 relations and 29033453 unique ideals
Mon Jul 01 08:49:36 2019  reduce to 29510364 relations and 26550454 ideals in 8 passes
Mon Jul 01 08:49:36 2019  max relations containing the same ideal: 157
Mon Jul 01 08:49:45 2019  removing 2038034 relations and 1638034 ideals in 400000 cliques
Mon Jul 01 08:49:46 2019  commencing in-memory singleton removal
Mon Jul 01 08:49:47 2019  begin with 27472330 relations and 26550454 unique ideals
Mon Jul 01 08:49:57 2019  reduce to 27335596 relations and 24773534 ideals in 7 passes
Mon Jul 01 08:49:57 2019  max relations containing the same ideal: 146
Mon Jul 01 08:50:06 2019  removing 1852886 relations and 1452886 ideals in 400000 cliques
Mon Jul 01 08:50:06 2019  commencing in-memory singleton removal
Mon Jul 01 08:50:08 2019  begin with 25482710 relations and 24773534 unique ideals
Mon Jul 01 08:50:18 2019  reduce to 25364536 relations and 23200758 ideals in 7 passes
Mon Jul 01 08:50:18 2019  max relations containing the same ideal: 141
Mon Jul 01 08:50:25 2019  removing 1759277 relations and 1359277 ideals in 400000 cliques
Mon Jul 01 08:50:26 2019  commencing in-memory singleton removal
Mon Jul 01 08:50:27 2019  begin with 23605259 relations and 23200758 unique ideals
Mon Jul 01 08:50:37 2019  reduce to 23493791 relations and 21728320 ideals in 8 passes
Mon Jul 01 08:50:37 2019  max relations containing the same ideal: 133
Mon Jul 01 08:50:45 2019  removing 1703697 relations and 1303697 ideals in 400000 cliques
Mon Jul 01 08:50:45 2019  commencing in-memory singleton removal
Mon Jul 01 08:50:46 2019  begin with 21790094 relations and 21728320 unique ideals
Mon Jul 01 08:50:55 2019  reduce to 21678839 relations and 20311554 ideals in 8 passes
Mon Jul 01 08:50:55 2019  max relations containing the same ideal: 125
Mon Jul 01 08:51:02 2019  removing 1671623 relations and 1271623 ideals in 400000 cliques
Mon Jul 01 08:51:03 2019  commencing in-memory singleton removal
Mon Jul 01 08:51:04 2019  begin with 20007216 relations and 20311554 unique ideals
Mon Jul 01 08:51:12 2019  reduce to 19894566 relations and 18925385 ideals in 8 passes
Mon Jul 01 08:51:12 2019  max relations containing the same ideal: 118
Mon Jul 01 08:51:18 2019  removing 1654388 relations and 1254388 ideals in 400000 cliques
Mon Jul 01 08:51:19 2019  commencing in-memory singleton removal
Mon Jul 01 08:51:20 2019  begin with 18240178 relations and 18925385 unique ideals
Mon Jul 01 08:51:27 2019  reduce to 18121892 relations and 17550528 ideals in 7 passes
Mon Jul 01 08:51:27 2019  max relations containing the same ideal: 110
Mon Jul 01 08:51:32 2019  removing 1213776 relations and 940063 ideals in 273713 cliques
Mon Jul 01 08:51:33 2019  commencing in-memory singleton removal
Mon Jul 01 08:51:33 2019  begin with 16908116 relations and 17550528 unique ideals
Mon Jul 01 08:51:40 2019  reduce to 16839949 relations and 16541433 ideals in 7 passes
Mon Jul 01 08:51:40 2019  max relations containing the same ideal: 103
Mon Jul 01 08:51:47 2019  relations with 0 large ideals: 9778
Mon Jul 01 08:51:47 2019  relations with 1 large ideals: 2349
Mon Jul 01 08:51:47 2019  relations with 2 large ideals: 31035
Mon Jul 01 08:51:47 2019  relations with 3 large ideals: 238944
Mon Jul 01 08:51:47 2019  relations with 4 large ideals: 1022929
Mon Jul 01 08:51:47 2019  relations with 5 large ideals: 2650336
Mon Jul 01 08:51:47 2019  relations with 6 large ideals: 4286359
Mon Jul 01 08:51:47 2019  relations with 7+ large ideals: 8598219
Mon Jul 01 08:51:47 2019  commencing 2-way merge
Mon Jul 01 08:51:55 2019  reduce to 11147874 relation sets and 10849358 unique ideals
Mon Jul 01 08:51:55 2019  commencing full merge
Mon Jul 01 08:58:16 2019  memory use: 502.1 MB
Mon Jul 01 08:58:16 2019  found 40525 cycles, need 2368795
Mon Jul 01 08:58:16 2019  too few cycles, matrix probably cannot build
Mon Jul 01 09:00:05 2019  
Mon Jul 01 09:00:05 2019  
Mon Jul 01 09:00:05 2019  Msieve v. 1.53 (SVN 1005)
Mon Jul 01 09:00:05 2019  random seeds: 8d2cbb40 bd4a8026
Mon Jul 01 09:00:05 2019  factoring 986362115094514328101757822572125412581807555831635040633334394940780290552910648956504716564717813091475731441186446531020992250063672998688043850761806497579752239978686374649672291776616284914763 (198 digits)
Mon Jul 01 09:00:05 2019  searching for 15-digit factors
Mon Jul 01 09:00:06 2019  commencing number field sieve (198-digit input)
Mon Jul 01 09:00:06 2019  R0: 2664614402968145889298907040800468401
Mon Jul 01 09:00:06 2019  R1: -1
Mon Jul 01 09:00:06 2019  A0: -4391
Mon Jul 01 09:00:06 2019  A1: 0
Mon Jul 01 09:00:06 2019  A2: 0
Mon Jul 01 09:00:06 2019  A3: 0
Mon Jul 01 09:00:06 2019  A4: 0
Mon Jul 01 09:00:06 2019  A5: 0
Mon Jul 01 09:00:06 2019  A6: 1
Mon Jul 01 09:00:06 2019  skew 4.05, size 3.881e-011, alpha 1.716, combined = 1.719e-012 rroots = 2
Mon Jul 01 09:00:06 2019  
Mon Jul 01 09:00:06 2019  commencing relation filtering
Mon Jul 01 09:00:06 2019  setting target matrix density to 120.0
Mon Jul 01 09:00:06 2019  estimated available RAM is 16116.3 MB
Mon Jul 01 09:00:06 2019  commencing duplicate removal, pass 1
<239 errors>
Mon Jul 01 09:06:49 2019  skipped 145 relations with composite factors
Mon Jul 01 09:06:49 2019  found 13274771 hash collisions in 62993742 relations
Mon Jul 01 09:06:57 2019  commencing duplicate removal, pass 2
Mon Jul 01 09:07:23 2019  found 13345066 duplicates and 49648676 unique relations
Mon Jul 01 09:07:23 2019  memory use: 330.4 MB
Mon Jul 01 09:07:23 2019  reading ideals above 720000
Mon Jul 01 09:07:23 2019  commencing singleton removal, initial pass
Mon Jul 01 09:12:13 2019  memory use: 1378.0 MB
Mon Jul 01 09:12:13 2019  reading all ideals from disk
Mon Jul 01 09:12:14 2019  memory use: 1816.7 MB
Mon Jul 01 09:12:17 2019  keeping 47991382 ideals with weight <= 200, target excess is 256595
Mon Jul 01 09:12:20 2019  commencing in-memory singleton removal
Mon Jul 01 09:12:23 2019  begin with 49648676 relations and 47991382 unique ideals
Mon Jul 01 09:12:50 2019  reduce to 32389196 relations and 29033453 ideals in 14 passes
Mon Jul 01 09:12:50 2019  max relations containing the same ideal: 162
Mon Jul 01 09:13:00 2019  removing 2654947 relations and 2254947 ideals in 400000 cliques
Mon Jul 01 09:13:00 2019  commencing in-memory singleton removal
Mon Jul 01 09:13:02 2019  begin with 29734249 relations and 29033453 unique ideals
Mon Jul 01 09:13:15 2019  reduce to 29510364 relations and 26550454 ideals in 8 passes
Mon Jul 01 09:13:15 2019  max relations containing the same ideal: 157
Mon Jul 01 09:13:24 2019  removing 2038034 relations and 1638034 ideals in 400000 cliques
Mon Jul 01 09:13:25 2019  commencing in-memory singleton removal
Mon Jul 01 09:13:26 2019  begin with 27472330 relations and 26550454 unique ideals
Mon Jul 01 09:13:37 2019  reduce to 27335596 relations and 24773534 ideals in 7 passes
Mon Jul 01 09:13:37 2019  max relations containing the same ideal: 146
Mon Jul 01 09:13:45 2019  removing 1852886 relations and 1452886 ideals in 400000 cliques
Mon Jul 01 09:13:46 2019  commencing in-memory singleton removal
Mon Jul 01 09:13:47 2019  begin with 25482710 relations and 24773534 unique ideals
Mon Jul 01 09:13:57 2019  reduce to 25364536 relations and 23200758 ideals in 7 passes
Mon Jul 01 09:13:57 2019  max relations containing the same ideal: 141
Mon Jul 01 09:14:05 2019  removing 1759277 relations and 1359277 ideals in 400000 cliques
Mon Jul 01 09:14:05 2019  commencing in-memory singleton removal
Mon Jul 01 09:14:06 2019  begin with 23605259 relations and 23200758 unique ideals
Mon Jul 01 09:14:16 2019  reduce to 23493791 relations and 21728320 ideals in 8 passes
Mon Jul 01 09:14:16 2019  max relations containing the same ideal: 133
Mon Jul 01 09:14:24 2019  removing 1703697 relations and 1303697 ideals in 400000 cliques
Mon Jul 01 09:14:24 2019  commencing in-memory singleton removal
Mon Jul 01 09:14:25 2019  begin with 21790094 relations and 21728320 unique ideals
Mon Jul 01 09:14:35 2019  reduce to 21678839 relations and 20311554 ideals in 8 passes
Mon Jul 01 09:14:35 2019  max relations containing the same ideal: 125
Mon Jul 01 09:14:42 2019  removing 1671623 relations and 1271623 ideals in 400000 cliques
Mon Jul 01 09:14:42 2019  commencing in-memory singleton removal
Mon Jul 01 09:14:43 2019  begin with 20007216 relations and 20311554 unique ideals
Mon Jul 01 09:14:52 2019  reduce to 19894566 relations and 18925385 ideals in 8 passes
Mon Jul 01 09:14:52 2019  max relations containing the same ideal: 118
Mon Jul 01 09:14:58 2019  removing 1654388 relations and 1254388 ideals in 400000 cliques
Mon Jul 01 09:14:59 2019  commencing in-memory singleton removal
Mon Jul 01 09:14:59 2019  begin with 18240178 relations and 18925385 unique ideals
Mon Jul 01 09:15:06 2019  reduce to 18121892 relations and 17550528 ideals in 7 passes
Mon Jul 01 09:15:06 2019  max relations containing the same ideal: 110
Mon Jul 01 09:15:12 2019  removing 1213776 relations and 940063 ideals in 273713 cliques
Mon Jul 01 09:15:12 2019  commencing in-memory singleton removal
Mon Jul 01 09:15:13 2019  begin with 16908116 relations and 17550528 unique ideals
Mon Jul 01 09:15:20 2019  reduce to 16839949 relations and 16541433 ideals in 7 passes
Mon Jul 01 09:15:20 2019  max relations containing the same ideal: 103
Mon Jul 01 09:15:27 2019  relations with 0 large ideals: 9778
Mon Jul 01 09:15:27 2019  relations with 1 large ideals: 2349
Mon Jul 01 09:15:27 2019  relations with 2 large ideals: 31035
Mon Jul 01 09:15:27 2019  relations with 3 large ideals: 238944
Mon Jul 01 09:15:27 2019  relations with 4 large ideals: 1022929
Mon Jul 01 09:15:27 2019  relations with 5 large ideals: 2650336
Mon Jul 01 09:15:27 2019  relations with 6 large ideals: 4286359
Mon Jul 01 09:15:27 2019  relations with 7+ large ideals: 8598219
Mon Jul 01 09:15:27 2019  commencing 2-way merge
Mon Jul 01 09:15:35 2019  reduce to 11147874 relation sets and 10849358 unique ideals
Mon Jul 01 09:15:35 2019  commencing full merge
Mon Jul 01 09:21:57 2019  memory use: 502.1 MB
Mon Jul 01 09:21:57 2019  found 40525 cycles, need 2368795
Mon Jul 01 09:21:57 2019  too few cycles, matrix probably cannot build
Mon Jul 01 09:22:04 2019  
Mon Jul 01 09:22:04 2019  
Mon Jul 01 09:22:04 2019  Msieve v. 1.53 (SVN 1005)
Mon Jul 01 09:22:04 2019  random seeds: 464b9d40 5e3b1167
Mon Jul 01 09:22:04 2019  factoring 986362115094514328101757822572125412581807555831635040633334394940780290552910648956504716564717813091475731441186446531020992250063672998688043850761806497579752239978686374649672291776616284914763 (198 digits)
Mon Jul 01 09:22:04 2019  searching for 15-digit factors
Mon Jul 01 09:22:05 2019  commencing number field sieve (198-digit input)
Mon Jul 01 09:22:05 2019  R0: 2664614402968145889298907040800468401
Mon Jul 01 09:22:05 2019  R1: -1
Mon Jul 01 09:22:05 2019  A0: -4391
Mon Jul 01 09:22:05 2019  A1: 0
Mon Jul 01 09:22:05 2019  A2: 0
Mon Jul 01 09:22:05 2019  A3: 0
Mon Jul 01 09:22:05 2019  A4: 0
Mon Jul 01 09:22:05 2019  A5: 0
Mon Jul 01 09:22:05 2019  A6: 1
Mon Jul 01 09:22:05 2019  skew 4.05, size 3.881e-011, alpha 1.716, combined = 1.719e-012 rroots = 2
Mon Jul 01 09:22:05 2019  
Mon Jul 01 09:22:05 2019  commencing relation filtering
Mon Jul 01 09:22:05 2019  setting target matrix density to 110.0
Mon Jul 01 09:22:05 2019  estimated available RAM is 16116.3 MB
Mon Jul 01 09:22:05 2019  commencing duplicate removal, pass 1
<239 errors>
Mon Jul 01 09:28:48 2019  skipped 145 relations with composite factors
Mon Jul 01 09:28:48 2019  found 13274771 hash collisions in 62993742 relations
Mon Jul 01 09:28:56 2019  commencing duplicate removal, pass 2
Mon Jul 01 09:29:22 2019  found 13345066 duplicates and 49648676 unique relations
Mon Jul 01 09:29:22 2019  memory use: 330.4 MB
Mon Jul 01 09:29:22 2019  reading ideals above 720000
Mon Jul 01 09:29:22 2019  commencing singleton removal, initial pass
Mon Jul 01 09:34:12 2019  memory use: 1378.0 MB
Mon Jul 01 09:34:12 2019  reading all ideals from disk
Mon Jul 01 09:34:13 2019  memory use: 1816.7 MB
Mon Jul 01 09:34:16 2019  keeping 47991382 ideals with weight <= 200, target excess is 256595
Mon Jul 01 09:34:19 2019  commencing in-memory singleton removal
Mon Jul 01 09:34:22 2019  begin with 49648676 relations and 47991382 unique ideals
Mon Jul 01 09:34:49 2019  reduce to 32389196 relations and 29033453 ideals in 14 passes
Mon Jul 01 09:34:49 2019  max relations containing the same ideal: 162
Mon Jul 01 09:34:59 2019  removing 2654947 relations and 2254947 ideals in 400000 cliques
Mon Jul 01 09:34:59 2019  commencing in-memory singleton removal
Mon Jul 01 09:35:01 2019  begin with 29734249 relations and 29033453 unique ideals
Mon Jul 01 09:35:14 2019  reduce to 29510364 relations and 26550454 ideals in 8 passes
Mon Jul 01 09:35:14 2019  max relations containing the same ideal: 157
Mon Jul 01 09:35:23 2019  removing 2038034 relations and 1638034 ideals in 400000 cliques
Mon Jul 01 09:35:24 2019  commencing in-memory singleton removal
Mon Jul 01 09:35:25 2019  begin with 27472330 relations and 26550454 unique ideals
Mon Jul 01 09:35:36 2019  reduce to 27335596 relations and 24773534 ideals in 7 passes
Mon Jul 01 09:35:36 2019  max relations containing the same ideal: 146
Mon Jul 01 09:35:44 2019  removing 1852886 relations and 1452886 ideals in 400000 cliques
Mon Jul 01 09:35:44 2019  commencing in-memory singleton removal
Mon Jul 01 09:35:46 2019  begin with 25482710 relations and 24773534 unique ideals
Mon Jul 01 09:35:55 2019  reduce to 25364536 relations and 23200758 ideals in 7 passes
Mon Jul 01 09:35:55 2019  max relations containing the same ideal: 141
Mon Jul 01 09:36:03 2019  removing 1759277 relations and 1359277 ideals in 400000 cliques
Mon Jul 01 09:36:04 2019  commencing in-memory singleton removal
Mon Jul 01 09:36:05 2019  begin with 23605259 relations and 23200758 unique ideals
Mon Jul 01 09:36:15 2019  reduce to 23493791 relations and 21728320 ideals in 8 passes
Mon Jul 01 09:36:15 2019  max relations containing the same ideal: 133
Mon Jul 01 09:36:23 2019  removing 1703697 relations and 1303697 ideals in 400000 cliques
Mon Jul 01 09:36:23 2019  commencing in-memory singleton removal
Mon Jul 01 09:36:24 2019  begin with 21790094 relations and 21728320 unique ideals
Mon Jul 01 09:36:33 2019  reduce to 21678839 relations and 20311554 ideals in 8 passes
Mon Jul 01 09:36:33 2019  max relations containing the same ideal: 125
Mon Jul 01 09:36:40 2019  removing 1671623 relations and 1271623 ideals in 400000 cliques
Mon Jul 01 09:36:41 2019  commencing in-memory singleton removal
Mon Jul 01 09:36:42 2019  begin with 20007216 relations and 20311554 unique ideals
Mon Jul 01 09:36:50 2019  reduce to 19894566 relations and 18925385 ideals in 8 passes
Mon Jul 01 09:36:50 2019  max relations containing the same ideal: 118
Mon Jul 01 09:36:57 2019  removing 1654388 relations and 1254388 ideals in 400000 cliques
Mon Jul 01 09:36:57 2019  commencing in-memory singleton removal
Mon Jul 01 09:36:58 2019  begin with 18240178 relations and 18925385 unique ideals
Mon Jul 01 09:37:05 2019  reduce to 18121892 relations and 17550528 ideals in 7 passes
Mon Jul 01 09:37:05 2019  max relations containing the same ideal: 110
Mon Jul 01 09:37:10 2019  removing 1213776 relations and 940063 ideals in 273713 cliques
Mon Jul 01 09:37:11 2019  commencing in-memory singleton removal
Mon Jul 01 09:37:12 2019  begin with 16908116 relations and 17550528 unique ideals
Mon Jul 01 09:37:18 2019  reduce to 16839949 relations and 16541433 ideals in 7 passes
Mon Jul 01 09:37:18 2019  max relations containing the same ideal: 103
Mon Jul 01 09:37:25 2019  relations with 0 large ideals: 9778
Mon Jul 01 09:37:25 2019  relations with 1 large ideals: 2349
Mon Jul 01 09:37:25 2019  relations with 2 large ideals: 31035
Mon Jul 01 09:37:25 2019  relations with 3 large ideals: 238944
Mon Jul 01 09:37:25 2019  relations with 4 large ideals: 1022929
Mon Jul 01 09:37:25 2019  relations with 5 large ideals: 2650336
Mon Jul 01 09:37:25 2019  relations with 6 large ideals: 4286359
Mon Jul 01 09:37:25 2019  relations with 7+ large ideals: 8598219
Mon Jul 01 09:37:25 2019  commencing 2-way merge
Mon Jul 01 09:37:33 2019  reduce to 11147874 relation sets and 10849358 unique ideals
Mon Jul 01 09:37:33 2019  commencing full merge
Mon Jul 01 09:40:44 2019  memory use: 1401.0 MB
Mon Jul 01 09:40:46 2019  found 4982430 cycles, need 4979558
Mon Jul 01 09:40:46 2019  weight of 4979558 cycles is about 548017696 (110.05/cycle)
Mon Jul 01 09:40:46 2019  distribution of cycle lengths:
Mon Jul 01 09:40:46 2019  1 relations: 319048
Mon Jul 01 09:40:46 2019  2 relations: 375839
Mon Jul 01 09:40:46 2019  3 relations: 400523
Mon Jul 01 09:40:46 2019  4 relations: 390059
Mon Jul 01 09:40:46 2019  5 relations: 377761
Mon Jul 01 09:40:46 2019  6 relations: 357470
Mon Jul 01 09:40:46 2019  7 relations: 334511
Mon Jul 01 09:40:46 2019  8 relations: 311922
Mon Jul 01 09:40:46 2019  9 relations: 288539
Mon Jul 01 09:40:46 2019  10+ relations: 1823886
Mon Jul 01 09:40:46 2019  heaviest cycle: 28 relations
Mon Jul 01 09:40:48 2019  commencing cycle optimization
Mon Jul 01 09:40:54 2019  start with 41989443 relations
Mon Jul 01 09:42:11 2019  pruned 1799950 relations
Mon Jul 01 09:42:11 2019  memory use: 1127.3 MB
Mon Jul 01 09:42:11 2019  distribution of cycle lengths:
Mon Jul 01 09:42:11 2019  1 relations: 319048
Mon Jul 01 09:42:11 2019  2 relations: 385213
Mon Jul 01 09:42:11 2019  3 relations: 417565
Mon Jul 01 09:42:11 2019  4 relations: 405821
Mon Jul 01 09:42:11 2019  5 relations: 394795
Mon Jul 01 09:42:11 2019  6 relations: 371699
Mon Jul 01 09:42:11 2019  7 relations: 348543
Mon Jul 01 09:42:11 2019  8 relations: 323192
Mon Jul 01 09:42:11 2019  9 relations: 297774
Mon Jul 01 09:42:11 2019  10+ relations: 1715908
Mon Jul 01 09:42:11 2019  heaviest cycle: 28 relations
Mon Jul 01 09:42:17 2019  RelProcTime: 1212
Mon Jul 01 09:42:17 2019  elapsed time 00:20:13
Mon Jul 01 09:42:23 2019  
Mon Jul 01 09:42:23 2019  
Mon Jul 01 09:42:23 2019  Msieve v. 1.53 (SVN 1005)
Mon Jul 01 09:42:23 2019  random seeds: f4702870 a56ebf0a
Mon Jul 01 09:42:23 2019  factoring 986362115094514328101757822572125412581807555831635040633334394940780290552910648956504716564717813091475731441186446531020992250063672998688043850761806497579752239978686374649672291776616284914763 (198 digits)
Mon Jul 01 09:42:24 2019  searching for 15-digit factors
Mon Jul 01 09:42:24 2019  commencing number field sieve (198-digit input)
Mon Jul 01 09:42:24 2019  R0: 2664614402968145889298907040800468401
Mon Jul 01 09:42:24 2019  R1: -1
Mon Jul 01 09:42:24 2019  A0: -4391
Mon Jul 01 09:42:24 2019  A1: 0
Mon Jul 01 09:42:24 2019  A2: 0
Mon Jul 01 09:42:24 2019  A3: 0
Mon Jul 01 09:42:24 2019  A4: 0
Mon Jul 01 09:42:24 2019  A5: 0
Mon Jul 01 09:42:24 2019  A6: 1
Mon Jul 01 09:42:24 2019  skew 4.05, size 3.881e-011, alpha 1.716, combined = 1.719e-012 rroots = 2
Mon Jul 01 09:42:24 2019  
Mon Jul 01 09:42:24 2019  commencing relation filtering
Mon Jul 01 09:42:24 2019  setting target matrix density to 115.0
Mon Jul 01 09:42:24 2019  estimated available RAM is 16116.3 MB
Mon Jul 01 09:42:24 2019  commencing duplicate removal, pass 1
<239 errors>
Mon Jul 01 09:49:07 2019  skipped 145 relations with composite factors
Mon Jul 01 09:49:07 2019  found 13274771 hash collisions in 62993742 relations
Mon Jul 01 09:49:15 2019  commencing duplicate removal, pass 2
Mon Jul 01 09:49:41 2019  found 13345066 duplicates and 49648676 unique relations
Mon Jul 01 09:49:41 2019  memory use: 330.4 MB
Mon Jul 01 09:49:41 2019  reading ideals above 720000
Mon Jul 01 09:49:41 2019  commencing singleton removal, initial pass
Mon Jul 01 09:54:32 2019  memory use: 1378.0 MB
Mon Jul 01 09:54:32 2019  reading all ideals from disk
Mon Jul 01 09:54:33 2019  memory use: 1816.7 MB
Mon Jul 01 09:54:36 2019  keeping 47991382 ideals with weight <= 200, target excess is 256595
Mon Jul 01 09:54:39 2019  commencing in-memory singleton removal
Mon Jul 01 09:54:42 2019  begin with 49648676 relations and 47991382 unique ideals
Mon Jul 01 09:55:09 2019  reduce to 32389196 relations and 29033453 ideals in 14 passes
Mon Jul 01 09:55:09 2019  max relations containing the same ideal: 162
Mon Jul 01 09:55:19 2019  removing 2654947 relations and 2254947 ideals in 400000 cliques
Mon Jul 01 09:55:20 2019  commencing in-memory singleton removal
Mon Jul 01 09:55:21 2019  begin with 29734249 relations and 29033453 unique ideals
Mon Jul 01 09:55:34 2019  reduce to 29510364 relations and 26550454 ideals in 8 passes
Mon Jul 01 09:55:34 2019  max relations containing the same ideal: 157
Mon Jul 01 09:55:43 2019  removing 2038034 relations and 1638034 ideals in 400000 cliques
Mon Jul 01 09:55:44 2019  commencing in-memory singleton removal
Mon Jul 01 09:55:45 2019  begin with 27472330 relations and 26550454 unique ideals
Mon Jul 01 09:55:56 2019  reduce to 27335596 relations and 24773534 ideals in 7 passes
Mon Jul 01 09:55:56 2019  max relations containing the same ideal: 146
Mon Jul 01 09:56:04 2019  removing 1852886 relations and 1452886 ideals in 400000 cliques
Mon Jul 01 09:56:05 2019  commencing in-memory singleton removal
Mon Jul 01 09:56:06 2019  begin with 25482710 relations and 24773534 unique ideals
Mon Jul 01 09:56:16 2019  reduce to 25364536 relations and 23200758 ideals in 7 passes
Mon Jul 01 09:56:16 2019  max relations containing the same ideal: 141
Mon Jul 01 09:56:24 2019  removing 1759277 relations and 1359277 ideals in 400000 cliques
Mon Jul 01 09:56:24 2019  commencing in-memory singleton removal
Mon Jul 01 09:56:26 2019  begin with 23605259 relations and 23200758 unique ideals
Mon Jul 01 09:56:36 2019  reduce to 23493791 relations and 21728320 ideals in 8 passes
Mon Jul 01 09:56:36 2019  max relations containing the same ideal: 133
Mon Jul 01 09:56:43 2019  removing 1703697 relations and 1303697 ideals in 400000 cliques
Mon Jul 01 09:56:44 2019  commencing in-memory singleton removal
Mon Jul 01 09:56:45 2019  begin with 21790094 relations and 21728320 unique ideals
Mon Jul 01 09:56:54 2019  reduce to 21678839 relations and 20311554 ideals in 8 passes
Mon Jul 01 09:56:54 2019  max relations containing the same ideal: 125
Mon Jul 01 09:57:01 2019  removing 1671623 relations and 1271623 ideals in 400000 cliques
Mon Jul 01 09:57:02 2019  commencing in-memory singleton removal
Mon Jul 01 09:57:03 2019  begin with 20007216 relations and 20311554 unique ideals
Mon Jul 01 09:57:11 2019  reduce to 19894566 relations and 18925385 ideals in 8 passes
Mon Jul 01 09:57:11 2019  max relations containing the same ideal: 118
Mon Jul 01 09:57:18 2019  removing 1654388 relations and 1254388 ideals in 400000 cliques
Mon Jul 01 09:57:18 2019  commencing in-memory singleton removal
Mon Jul 01 09:57:19 2019  begin with 18240178 relations and 18925385 unique ideals
Mon Jul 01 09:57:26 2019  reduce to 18121892 relations and 17550528 ideals in 7 passes
Mon Jul 01 09:57:26 2019  max relations containing the same ideal: 110
Mon Jul 01 09:57:32 2019  removing 1213776 relations and 940063 ideals in 273713 cliques
Mon Jul 01 09:57:32 2019  commencing in-memory singleton removal
Mon Jul 01 09:57:33 2019  begin with 16908116 relations and 17550528 unique ideals
Mon Jul 01 09:57:39 2019  reduce to 16839949 relations and 16541433 ideals in 7 passes
Mon Jul 01 09:57:39 2019  max relations containing the same ideal: 103
Mon Jul 01 09:57:46 2019  relations with 0 large ideals: 9778
Mon Jul 01 09:57:46 2019  relations with 1 large ideals: 2349
Mon Jul 01 09:57:46 2019  relations with 2 large ideals: 31035
Mon Jul 01 09:57:46 2019  relations with 3 large ideals: 238944
Mon Jul 01 09:57:46 2019  relations with 4 large ideals: 1022929
Mon Jul 01 09:57:46 2019  relations with 5 large ideals: 2650336
Mon Jul 01 09:57:46 2019  relations with 6 large ideals: 4286359
Mon Jul 01 09:57:46 2019  relations with 7+ large ideals: 8598219
Mon Jul 01 09:57:46 2019  commencing 2-way merge
Mon Jul 01 09:57:54 2019  reduce to 11147874 relation sets and 10849358 unique ideals
Mon Jul 01 09:57:54 2019  commencing full merge
Mon Jul 01 10:04:19 2019  memory use: 502.1 MB
Mon Jul 01 10:04:20 2019  found 40525 cycles, need 2368795
Mon Jul 01 10:04:20 2019  too few cycles, matrix probably cannot build
Mon Jul 01 10:05:28 2019  
Mon Jul 01 10:05:28 2019  
Mon Jul 01 10:05:28 2019  Msieve v. 1.53 (SVN 1005)
Mon Jul 01 10:05:28 2019  random seeds: 56a4662c f007ce11
Mon Jul 01 10:05:28 2019  factoring 986362115094514328101757822572125412581807555831635040633334394940780290552910648956504716564717813091475731441186446531020992250063672998688043850761806497579752239978686374649672291776616284914763 (198 digits)
Mon Jul 01 10:05:29 2019  searching for 15-digit factors
Mon Jul 01 10:05:29 2019  commencing number field sieve (198-digit input)
Mon Jul 01 10:05:29 2019  R0: 2664614402968145889298907040800468401
Mon Jul 01 10:05:29 2019  R1: -1
Mon Jul 01 10:05:29 2019  A0: -4391
Mon Jul 01 10:05:29 2019  A1: 0
Mon Jul 01 10:05:29 2019  A2: 0
Mon Jul 01 10:05:29 2019  A3: 0
Mon Jul 01 10:05:29 2019  A4: 0
Mon Jul 01 10:05:29 2019  A5: 0
Mon Jul 01 10:05:29 2019  A6: 1
Mon Jul 01 10:05:29 2019  skew 4.05, size 3.881e-011, alpha 1.716, combined = 1.719e-012 rroots = 2
Mon Jul 01 10:05:30 2019  
Mon Jul 01 10:05:30 2019  commencing relation filtering
Mon Jul 01 10:05:30 2019  setting target matrix density to 112.0
Mon Jul 01 10:05:30 2019  estimated available RAM is 16116.3 MB
Mon Jul 01 10:05:30 2019  commencing duplicate removal, pass 1
<239 errors>
Mon Jul 01 10:12:12 2019  skipped 145 relations with composite factors
Mon Jul 01 10:12:12 2019  found 13274771 hash collisions in 62993742 relations
Mon Jul 01 10:12:21 2019  commencing duplicate removal, pass 2
Mon Jul 01 10:12:47 2019  found 13345066 duplicates and 49648676 unique relations
Mon Jul 01 10:12:47 2019  memory use: 330.4 MB
Mon Jul 01 10:12:47 2019  reading ideals above 720000
Mon Jul 01 10:12:47 2019  commencing singleton removal, initial pass
Mon Jul 01 10:17:36 2019  memory use: 1378.0 MB
Mon Jul 01 10:17:36 2019  reading all ideals from disk
Mon Jul 01 10:17:36 2019  memory use: 1816.7 MB
Mon Jul 01 10:17:39 2019  keeping 47991382 ideals with weight <= 200, target excess is 256595
Mon Jul 01 10:17:42 2019  commencing in-memory singleton removal
Mon Jul 01 10:17:45 2019  begin with 49648676 relations and 47991382 unique ideals
Mon Jul 01 10:18:12 2019  reduce to 32389196 relations and 29033453 ideals in 14 passes
Mon Jul 01 10:18:12 2019  max relations containing the same ideal: 162
Mon Jul 01 10:18:22 2019  removing 2654947 relations and 2254947 ideals in 400000 cliques
Mon Jul 01 10:18:23 2019  commencing in-memory singleton removal
Mon Jul 01 10:18:24 2019  begin with 29734249 relations and 29033453 unique ideals
Mon Jul 01 10:18:37 2019  reduce to 29510364 relations and 26550454 ideals in 8 passes
Mon Jul 01 10:18:37 2019  max relations containing the same ideal: 157
Mon Jul 01 10:18:46 2019  removing 2038034 relations and 1638034 ideals in 400000 cliques
Mon Jul 01 10:18:47 2019  commencing in-memory singleton removal
Mon Jul 01 10:18:48 2019  begin with 27472330 relations and 26550454 unique ideals
Mon Jul 01 10:18:59 2019  reduce to 27335596 relations and 24773534 ideals in 7 passes
Mon Jul 01 10:18:59 2019  max relations containing the same ideal: 146
Mon Jul 01 10:19:07 2019  removing 1852886 relations and 1452886 ideals in 400000 cliques
Mon Jul 01 10:19:08 2019  commencing in-memory singleton removal
Mon Jul 01 10:19:09 2019  begin with 25482710 relations and 24773534 unique ideals
Mon Jul 01 10:19:19 2019  reduce to 25364536 relations and 23200758 ideals in 7 passes
Mon Jul 01 10:19:19 2019  max relations containing the same ideal: 141
Mon Jul 01 10:19:27 2019  removing 1759277 relations and 1359277 ideals in 400000 cliques
Mon Jul 01 10:19:27 2019  commencing in-memory singleton removal
Mon Jul 01 10:19:28 2019  begin with 23605259 relations and 23200758 unique ideals
Mon Jul 01 10:19:38 2019  reduce to 23493791 relations and 21728320 ideals in 8 passes
Mon Jul 01 10:19:38 2019  max relations containing the same ideal: 133
Mon Jul 01 10:19:46 2019  removing 1703697 relations and 1303697 ideals in 400000 cliques
Mon Jul 01 10:19:46 2019  commencing in-memory singleton removal
Mon Jul 01 10:19:47 2019  begin with 21790094 relations and 21728320 unique ideals
Mon Jul 01 10:19:57 2019  reduce to 21678839 relations and 20311554 ideals in 8 passes
Mon Jul 01 10:19:57 2019  max relations containing the same ideal: 125
Mon Jul 01 10:20:03 2019  removing 1671623 relations and 1271623 ideals in 400000 cliques
Mon Jul 01 10:20:04 2019  commencing in-memory singleton removal
Mon Jul 01 10:20:05 2019  begin with 20007216 relations and 20311554 unique ideals
Mon Jul 01 10:20:13 2019  reduce to 19894566 relations and 18925385 ideals in 8 passes
Mon Jul 01 10:20:13 2019  max relations containing the same ideal: 118
Mon Jul 01 10:20:19 2019  removing 1654388 relations and 1254388 ideals in 400000 cliques
Mon Jul 01 10:20:20 2019  commencing in-memory singleton removal
Mon Jul 01 10:20:21 2019  begin with 18240178 relations and 18925385 unique ideals
Mon Jul 01 10:20:27 2019  reduce to 18121892 relations and 17550528 ideals in 7 passes
Mon Jul 01 10:20:27 2019  max relations containing the same ideal: 110
Mon Jul 01 10:20:33 2019  removing 1213776 relations and 940063 ideals in 273713 cliques
Mon Jul 01 10:20:33 2019  commencing in-memory singleton removal
Mon Jul 01 10:20:34 2019  begin with 16908116 relations and 17550528 unique ideals
Mon Jul 01 10:20:40 2019  reduce to 16839949 relations and 16541433 ideals in 7 passes
Mon Jul 01 10:20:40 2019  max relations containing the same ideal: 103
Mon Jul 01 10:20:47 2019  relations with 0 large ideals: 9778
Mon Jul 01 10:20:47 2019  relations with 1 large ideals: 2349
Mon Jul 01 10:20:47 2019  relations with 2 large ideals: 31035
Mon Jul 01 10:20:47 2019  relations with 3 large ideals: 238944
Mon Jul 01 10:20:47 2019  relations with 4 large ideals: 1022929
Mon Jul 01 10:20:47 2019  relations with 5 large ideals: 2650336
Mon Jul 01 10:20:47 2019  relations with 6 large ideals: 4286359
Mon Jul 01 10:20:47 2019  relations with 7+ large ideals: 8598219
Mon Jul 01 10:20:47 2019  commencing 2-way merge
Mon Jul 01 10:20:55 2019  reduce to 11147874 relation sets and 10849358 unique ideals
Mon Jul 01 10:20:55 2019  commencing full merge
Mon Jul 01 10:27:17 2019  memory use: 502.1 MB
Mon Jul 01 10:27:17 2019  found 40525 cycles, need 2368795
Mon Jul 01 10:27:17 2019  too few cycles, matrix probably cannot build
Mon Jul 01 10:30:07 2019  
Mon Jul 01 10:30:07 2019  
Mon Jul 01 10:30:07 2019  Msieve v. 1.53 (SVN 1005)
Mon Jul 01 10:30:07 2019  random seeds: f5357400 d51f505c
Mon Jul 01 10:30:07 2019  factoring 986362115094514328101757822572125412581807555831635040633334394940780290552910648956504716564717813091475731441186446531020992250063672998688043850761806497579752239978686374649672291776616284914763 (198 digits)
Mon Jul 01 10:30:08 2019  searching for 15-digit factors
Mon Jul 01 10:30:08 2019  commencing number field sieve (198-digit input)
Mon Jul 01 10:30:08 2019  R0: 2664614402968145889298907040800468401
Mon Jul 01 10:30:08 2019  R1: -1
Mon Jul 01 10:30:08 2019  A0: -4391
Mon Jul 01 10:30:08 2019  A1: 0
Mon Jul 01 10:30:08 2019  A2: 0
Mon Jul 01 10:30:08 2019  A3: 0
Mon Jul 01 10:30:08 2019  A4: 0
Mon Jul 01 10:30:08 2019  A5: 0
Mon Jul 01 10:30:08 2019  A6: 1
Mon Jul 01 10:30:08 2019  skew 4.05, size 3.881e-011, alpha 1.716, combined = 1.719e-012 rroots = 2
Mon Jul 01 10:30:08 2019  
Mon Jul 01 10:30:08 2019  commencing relation filtering
Mon Jul 01 10:30:08 2019  setting target matrix density to 110.0
Mon Jul 01 10:30:08 2019  estimated available RAM is 16116.3 MB
Mon Jul 01 10:30:08 2019  commencing duplicate removal, pass 1
<239 errors>
Mon Jul 01 10:36:51 2019  skipped 145 relations with composite factors
Mon Jul 01 10:36:51 2019  found 13274771 hash collisions in 62993742 relations
Mon Jul 01 10:36:59 2019  commencing duplicate removal, pass 2
Mon Jul 01 10:37:26 2019  found 13345066 duplicates and 49648676 unique relations
Mon Jul 01 10:37:26 2019  memory use: 330.4 MB
Mon Jul 01 10:37:26 2019  reading ideals above 720000
Mon Jul 01 10:37:26 2019  commencing singleton removal, initial pass
Mon Jul 01 10:42:16 2019  memory use: 1378.0 MB
Mon Jul 01 10:42:16 2019  reading all ideals from disk
Mon Jul 01 10:42:17 2019  memory use: 1816.7 MB
Mon Jul 01 10:42:20 2019  keeping 47991382 ideals with weight <= 200, target excess is 256595
Mon Jul 01 10:42:23 2019  commencing in-memory singleton removal
Mon Jul 01 10:42:25 2019  begin with 49648676 relations and 47991382 unique ideals
Mon Jul 01 10:42:53 2019  reduce to 32389196 relations and 29033453 ideals in 14 passes
Mon Jul 01 10:42:53 2019  max relations containing the same ideal: 162
Mon Jul 01 10:43:03 2019  removing 2654947 relations and 2254947 ideals in 400000 cliques
Mon Jul 01 10:43:03 2019  commencing in-memory singleton removal
Mon Jul 01 10:43:05 2019  begin with 29734249 relations and 29033453 unique ideals
Mon Jul 01 10:43:18 2019  reduce to 29510364 relations and 26550454 ideals in 8 passes
Mon Jul 01 10:43:18 2019  max relations containing the same ideal: 157
Mon Jul 01 10:43:27 2019  removing 2038034 relations and 1638034 ideals in 400000 cliques
Mon Jul 01 10:43:28 2019  commencing in-memory singleton removal
Mon Jul 01 10:43:29 2019  begin with 27472330 relations and 26550454 unique ideals
Mon Jul 01 10:43:40 2019  reduce to 27335596 relations and 24773534 ideals in 7 passes
Mon Jul 01 10:43:40 2019  max relations containing the same ideal: 146
Mon Jul 01 10:43:48 2019  removing 1852886 relations and 1452886 ideals in 400000 cliques
Mon Jul 01 10:43:49 2019  commencing in-memory singleton removal
Mon Jul 01 10:43:50 2019  begin with 25482710 relations and 24773534 unique ideals
Mon Jul 01 10:44:00 2019  reduce to 25364536 relations and 23200758 ideals in 7 passes
Mon Jul 01 10:44:00 2019  max relations containing the same ideal: 141
Mon Jul 01 10:44:07 2019  removing 1759277 relations and 1359277 ideals in 400000 cliques
Mon Jul 01 10:44:08 2019  commencing in-memory singleton removal
Mon Jul 01 10:44:09 2019  begin with 23605259 relations and 23200758 unique ideals
Mon Jul 01 10:44:19 2019  reduce to 23493791 relations and 21728320 ideals in 8 passes
Mon Jul 01 10:44:19 2019  max relations containing the same ideal: 133
Mon Jul 01 10:44:27 2019  removing 1703697 relations and 1303697 ideals in 400000 cliques
Mon Jul 01 10:44:27 2019  commencing in-memory singleton removal
Mon Jul 01 10:44:28 2019  begin with 21790094 relations and 21728320 unique ideals
Mon Jul 01 10:44:38 2019  reduce to 21678839 relations and 20311554 ideals in 8 passes
Mon Jul 01 10:44:38 2019  max relations containing the same ideal: 125
Mon Jul 01 10:44:45 2019  removing 1671623 relations and 1271623 ideals in 400000 cliques
Mon Jul 01 10:44:45 2019  commencing in-memory singleton removal
Mon Jul 01 10:44:46 2019  begin with 20007216 relations and 20311554 unique ideals
Mon Jul 01 10:44:55 2019  reduce to 19894566 relations and 18925385 ideals in 8 passes
Mon Jul 01 10:44:55 2019  max relations containing the same ideal: 118
Mon Jul 01 10:45:01 2019  removing 1654388 relations and 1254388 ideals in 400000 cliques
Mon Jul 01 10:45:01 2019  commencing in-memory singleton removal
Mon Jul 01 10:45:02 2019  begin with 18240178 relations and 18925385 unique ideals
Mon Jul 01 10:45:09 2019  reduce to 18121892 relations and 17550528 ideals in 7 passes
Mon Jul 01 10:45:09 2019  max relations containing the same ideal: 110
Mon Jul 01 10:45:15 2019  removing 1213776 relations and 940063 ideals in 273713 cliques
Mon Jul 01 10:45:15 2019  commencing in-memory singleton removal
Mon Jul 01 10:45:16 2019  begin with 16908116 relations and 17550528 unique ideals
Mon Jul 01 10:45:22 2019  reduce to 16839949 relations and 16541433 ideals in 7 passes
Mon Jul 01 10:45:22 2019  max relations containing the same ideal: 103
Mon Jul 01 10:45:29 2019  relations with 0 large ideals: 9778
Mon Jul 01 10:45:29 2019  relations with 1 large ideals: 2349
Mon Jul 01 10:45:29 2019  relations with 2 large ideals: 31035
Mon Jul 01 10:45:29 2019  relations with 3 large ideals: 238944
Mon Jul 01 10:45:29 2019  relations with 4 large ideals: 1022929
Mon Jul 01 10:45:29 2019  relations with 5 large ideals: 2650336
Mon Jul 01 10:45:29 2019  relations with 6 large ideals: 4286359
Mon Jul 01 10:45:29 2019  relations with 7+ large ideals: 8598219
Mon Jul 01 10:45:29 2019  commencing 2-way merge
Mon Jul 01 10:45:38 2019  reduce to 11147874 relation sets and 10849358 unique ideals
Mon Jul 01 10:45:38 2019  commencing full merge
Mon Jul 01 10:48:48 2019  memory use: 1401.0 MB
Mon Jul 01 10:48:50 2019  found 4982430 cycles, need 4979558
Mon Jul 01 10:48:50 2019  weight of 4979558 cycles is about 548017696 (110.05/cycle)
Mon Jul 01 10:48:50 2019  distribution of cycle lengths:
Mon Jul 01 10:48:50 2019  1 relations: 319048
Mon Jul 01 10:48:50 2019  2 relations: 375839
Mon Jul 01 10:48:50 2019  3 relations: 400523
Mon Jul 01 10:48:50 2019  4 relations: 390059
Mon Jul 01 10:48:50 2019  5 relations: 377761
Mon Jul 01 10:48:50 2019  6 relations: 357470
Mon Jul 01 10:48:50 2019  7 relations: 334511
Mon Jul 01 10:48:50 2019  8 relations: 311922
Mon Jul 01 10:48:50 2019  9 relations: 288539
Mon Jul 01 10:48:50 2019  10+ relations: 1823886
Mon Jul 01 10:48:50 2019  heaviest cycle: 28 relations
Mon Jul 01 10:48:52 2019  commencing cycle optimization
Mon Jul 01 10:48:58 2019  start with 41989443 relations
Mon Jul 01 10:50:15 2019  pruned 1799950 relations
Mon Jul 01 10:50:15 2019  memory use: 1127.3 MB
Mon Jul 01 10:50:15 2019  distribution of cycle lengths:
Mon Jul 01 10:50:15 2019  1 relations: 319048
Mon Jul 01 10:50:15 2019  2 relations: 385213
Mon Jul 01 10:50:15 2019  3 relations: 417565
Mon Jul 01 10:50:15 2019  4 relations: 405821
Mon Jul 01 10:50:15 2019  5 relations: 394795
Mon Jul 01 10:50:15 2019  6 relations: 371699
Mon Jul 01 10:50:15 2019  7 relations: 348543
Mon Jul 01 10:50:15 2019  8 relations: 323192
Mon Jul 01 10:50:15 2019  9 relations: 297774
Mon Jul 01 10:50:15 2019  10+ relations: 1715908
Mon Jul 01 10:50:15 2019  heaviest cycle: 28 relations
Mon Jul 01 10:50:20 2019  RelProcTime: 1212
Mon Jul 01 10:50:20 2019  
Mon Jul 01 10:50:20 2019  commencing linear algebra
Mon Jul 01 10:50:21 2019  read 4979558 cycles
Mon Jul 01 10:50:29 2019  cycles contain 16647963 unique relations
Mon Jul 01 10:51:42 2019  read 16647963 relations
Mon Jul 01 10:52:04 2019  using 20 quadratic characters above 4294917295
Mon Jul 01 10:53:08 2019  building initial matrix
Mon Jul 01 10:55:38 2019  memory use: 2040.8 MB
Mon Jul 01 10:55:42 2019  read 4979558 cycles
Mon Jul 01 10:55:42 2019  matrix is 4979381 x 4979558 (2162.7 MB) with weight 619076257 (124.32/col)
Mon Jul 01 10:55:42 2019  sparse part has weight 512153950 (102.85/col)
Mon Jul 01 10:56:19 2019  filtering completed in 2 passes
Mon Jul 01 10:56:20 2019  matrix is 4979313 x 4979490 (2162.7 MB) with weight 619074151 (124.32/col)
Mon Jul 01 10:56:20 2019  sparse part has weight 512153408 (102.85/col)
Mon Jul 01 10:56:29 2019  matrix starts at (0, 0)
Mon Jul 01 10:56:29 2019  matrix is 4979313 x 4979490 (2162.7 MB) with weight 619074151 (124.32/col)
Mon Jul 01 10:56:29 2019  sparse part has weight 512153408 (102.85/col)
Mon Jul 01 10:56:29 2019  saving the first 48 matrix rows for later
Mon Jul 01 10:56:31 2019  matrix includes 64 packed rows
Mon Jul 01 10:56:31 2019  matrix is 4979265 x 4979490 (2069.7 MB) with weight 529174261 (106.27/col)
Mon Jul 01 10:56:31 2019  sparse part has weight 492759309 (98.96/col)
Mon Jul 01 10:56:31 2019  using block size 8192 and superblock size 884736 for processor cache size 9216 kB
Mon Jul 01 10:56:51 2019  commencing Lanczos iteration (12 threads)
Mon Jul 01 10:56:51 2019  memory use: 1730.8 MB
Mon Jul 01 10:57:00 2019  linear algebra at 0.0%, ETA 7h17m
Mon Jul 01 10:57:03 2019  checkpointing every 670000 dimensions
Mon Jul 01 20:17:55 2019  lanczos halted after 78740 iterations (dim = 4979264)
Mon Jul 01 20:17:59 2019  recovered 37 nontrivial dependencies
Mon Jul 01 20:18:00 2019  BLanczosTime: 34060
Mon Jul 01 20:18:00 2019  
Mon Jul 01 20:18:00 2019  commencing square root phase
Mon Jul 01 20:18:00 2019  handling dependencies 1 to 64
Mon Jul 01 20:18:00 2019  reading relations for dependency 1
Mon Jul 01 20:18:01 2019  read 2488292 cycles
Mon Jul 01 20:18:04 2019  cycles contain 8320864 unique relations
Mon Jul 01 20:18:44 2019  read 8320864 relations
Mon Jul 01 20:19:13 2019  multiplying 8320864 relations
Mon Jul 01 20:23:10 2019  multiply complete, coefficients have about 207.79 million bits
Mon Jul 01 20:23:11 2019  initial square root is modulo 28652857
Mon Jul 01 20:27:36 2019  sqrtTime: 576
Mon Jul 01 20:27:36 2019  p90 factor: 957288739449917522135093286907320215232443191057302230754840004898838085398607277318183809
Mon Jul 01 20:27:36 2019  p109 factor: 1030370539677822918596886277322708715728405577853636715740857648125588242978313418601062641136732811405800907
Mon Jul 01 20:27:36 2019  elapsed time 09:57:29
